0 verbose cli /usr/local/bin/node /usr/local/bin/npm
1 info using npm@10.9.4
2 info using node@v22.21.0
3 silly config load:file:/usr/local/lib/node_modules/npm/npmrc
4 silly config load:file:/Users/oliverweekley/Desktop/ScoutsQuatermaster/scouts-quartermaster/.npmrc
5 silly config load:file:/Users/oliverweekley/.npmrc
6 silly config load:file:/usr/local/etc/npmrc
7 verbose title npm install nodemailer @types/nodemailer
8 verbose argv "install" "nodemailer" "@types/nodemailer" "--cache" "./.npm-cache"
9 verbose logfile logs-max:10 dir:/Users/oliverweekley/Desktop/ScoutsQuatermaster/scouts-quartermaster/.npm-cache/_logs/2026-03-27T23_40_36_964Z-
10 verbose logfile /Users/oliverweekley/Desktop/ScoutsQuatermaster/scouts-quartermaster/.npm-cache/_logs/2026-03-27T23_40_36_964Z-debug-0.log
11 silly logfile done cleaning log files
12 silly packumentCache heap:2197815296 maxSize:549453824 maxEntrySize:274726912
13 silly idealTree buildDeps
14 silly fetch manifest nodemailer@*
15 silly packumentCache full:https://registry.npmjs.org/nodemailer cache-miss
16 verbose shrinkwrap failed to load node_modules/.package-lock.json out of date, updated: node_modules
17 http fetch GET 200 https://registry.npmjs.org/nodemailer 382ms (cache miss)
18 silly packumentCache full:https://registry.npmjs.org/nodemailer set size:undefined disposed:false
19 silly fetch manifest @types/nodemailer@*
20 silly packumentCache full:https://registry.npmjs.org/@types%2fnodemailer cache-miss
21 http fetch GET 200 https://registry.npmjs.org/npm 745ms
22 http fetch GET 200 https://registry.npmjs.org/@types%2fnodemailer 83ms (cache miss)
23 silly packumentCache full:https://registry.npmjs.org/@types%2fnodemailer set size:undefined disposed:false
24 silly placeDep ROOT @types/nodemailer@7.0.11 OK for: scouts-quartermaster@0.1.0 want: *
25 silly placeDep ROOT nodemailer@8.0.4 OK for: scouts-quartermaster@0.1.0 want: *
26 silly reify moves {}
27 verbose reify failed optional dependency /Users/oliverweekley/Desktop/ScoutsQuatermaster/scouts-quartermaster/node_modules/@tailwindcss/oxide-wasm32-wasi
28 silly reify mark deleted [
28 silly reify   '/Users/oliverweekley/Desktop/ScoutsQuatermaster/scouts-quartermaster/node_modules/@tailwindcss/oxide-wasm32-wasi'
28 silly reify ]
29 silly audit bulk request {
29 silly audit   '@alloc/quick-lru': [ '5.2.0' ],
29 silly audit   '@aws-crypto/crc32': [ '5.2.0' ],
29 silly audit   '@aws-crypto/crc32c': [ '5.2.0' ],
29 silly audit   '@aws-crypto/sha1-browser': [ '5.2.0' ],
29 silly audit   '@smithy/is-array-buffer': [ '2.2.0', '4.2.2' ],
29 silly audit   '@smithy/util-buffer-from': [ '2.2.0', '4.2.2' ],
29 silly audit   '@smithy/util-utf8': [ '2.3.0', '4.2.2' ],
29 silly audit   '@aws-crypto/sha256-browser': [ '5.2.0' ],
29 silly audit   '@aws-crypto/sha256-js': [ '5.2.0' ],
29 silly audit   '@aws-crypto/supports-web-crypto': [ '5.2.0' ],
29 silly audit   '@aws-crypto/util': [ '5.2.0' ],
29 silly audit   '@aws-sdk/client-s3': [ '3.1018.0' ],
29 silly audit   '@aws-sdk/core': [ '3.973.25' ],
29 silly audit   '@aws-sdk/crc64-nvme': [ '3.972.5' ],
29 silly audit   '@aws-sdk/credential-provider-env': [ '3.972.23' ],
29 silly audit   '@aws-sdk/credential-provider-http': [ '3.972.25' ],
29 silly audit   '@aws-sdk/credential-provider-ini': [ '3.972.25' ],
29 silly audit   '@aws-sdk/credential-provider-login': [ '3.972.25' ],
29 silly audit   '@aws-sdk/credential-provider-node': [ '3.972.26' ],
29 silly audit   '@aws-sdk/credential-provider-process': [ '3.972.23' ],
29 silly audit   '@aws-sdk/credential-provider-sso': [ '3.972.25' ],
29 silly audit   '@aws-sdk/credential-provider-web-identity': [ '3.972.25' ],
29 silly audit   '@aws-sdk/middleware-bucket-endpoint': [ '3.972.8' ],
29 silly audit   '@aws-sdk/middleware-expect-continue': [ '3.972.8' ],
29 silly audit   '@aws-sdk/middleware-flexible-checksums': [ '3.974.5' ],
29 silly audit   '@aws-sdk/middleware-host-header': [ '3.972.8' ],
29 silly audit   '@aws-sdk/middleware-location-constraint': [ '3.972.8' ],
29 silly audit   '@aws-sdk/middleware-logger': [ '3.972.8' ],
29 silly audit   '@aws-sdk/middleware-recursion-detection': [ '3.972.9' ],
29 silly audit   '@aws-sdk/middleware-sdk-s3': [ '3.972.26' ],
29 silly audit   '@aws-sdk/middleware-ssec': [ '3.972.8' ],
29 silly audit   '@aws-sdk/middleware-user-agent': [ '3.972.26' ],
29 silly audit   '@aws-sdk/nested-clients': [ '3.996.15' ],
29 silly audit   '@aws-sdk/region-config-resolver': [ '3.972.10' ],
29 silly audit   '@aws-sdk/s3-request-presigner': [ '3.1018.0' ],
29 silly audit   '@aws-sdk/signature-v4-multi-region': [ '3.996.14' ],
29 silly audit   '@aws-sdk/token-providers': [ '3.1018.0' ],
29 silly audit   '@aws-sdk/types': [ '3.973.6' ],
29 silly audit   '@aws-sdk/util-arn-parser': [ '3.972.3' ],
29 silly audit   '@aws-sdk/util-endpoints': [ '3.996.5' ],
29 silly audit   '@aws-sdk/util-format-url': [ '3.972.8' ],
29 silly audit   '@aws-sdk/util-locate-window': [ '3.965.5' ],
29 silly audit   '@aws-sdk/util-user-agent-browser': [ '3.972.8' ],
29 silly audit   '@aws-sdk/util-user-agent-node': [ '3.973.12' ],
29 silly audit   '@aws-sdk/xml-builder': [ '3.972.16' ],
29 silly audit   '@aws/lambda-invoke-store': [ '0.2.4' ],
29 silly audit   '@babel/code-frame': [ '7.29.0' ],
29 silly audit   '@babel/compat-data': [ '7.29.0' ],
29 silly audit   '@babel/core': [ '7.29.0' ],
29 silly audit   '@babel/generator': [ '7.29.1' ],
29 silly audit   '@babel/helper-compilation-targets': [ '7.28.6' ],
29 silly audit   '@babel/helper-globals': [ '7.28.0' ],
29 silly audit   '@babel/helper-module-imports': [ '7.28.6' ],
29 silly audit   '@babel/helper-module-transforms': [ '7.28.6' ],
29 silly audit   '@babel/helper-string-parser': [ '7.27.1' ],
29 silly audit   '@babel/helper-validator-identifier': [ '7.28.5' ],
29 silly audit   '@babel/helper-validator-option': [ '7.27.1' ],
29 silly audit   '@babel/helpers': [ '7.29.2' ],
29 silly audit   '@babel/parser': [ '7.29.2' ],
29 silly audit   '@babel/template': [ '7.28.6' ],
29 silly audit   '@babel/traverse': [ '7.29.0' ],
29 silly audit   '@babel/types': [ '7.29.0' ],
29 silly audit   '@emnapi/core': [ '1.9.1' ],
29 silly audit   '@emnapi/runtime': [ '1.9.1' ],
29 silly audit   '@emnapi/wasi-threads': [ '1.2.0' ],
29 silly audit   '@esbuild/aix-ppc64': [ '0.27.4' ],
29 silly audit   '@esbuild/android-arm': [ '0.27.4' ],
29 silly audit   '@esbuild/android-arm64': [ '0.27.4' ],
29 silly audit   '@esbuild/android-x64': [ '0.27.4' ],
29 silly audit   '@esbuild/darwin-arm64': [ '0.27.4' ],
29 silly audit   '@esbuild/darwin-x64': [ '0.27.4' ],
29 silly audit   '@esbuild/freebsd-arm64': [ '0.27.4' ],
29 silly audit   '@esbuild/freebsd-x64': [ '0.27.4' ],
29 silly audit   '@esbuild/linux-arm': [ '0.27.4' ],
29 silly audit   '@esbuild/linux-arm64': [ '0.27.4' ],
29 silly audit   '@esbuild/linux-ia32': [ '0.27.4' ],
29 silly audit   '@esbuild/linux-loong64': [ '0.27.4' ],
29 silly audit   '@esbuild/linux-mips64el': [ '0.27.4' ],
29 silly audit   '@esbuild/linux-ppc64': [ '0.27.4' ],
29 silly audit   '@esbuild/linux-riscv64': [ '0.27.4' ],
29 silly audit   '@esbuild/linux-s390x': [ '0.27.4' ],
29 silly audit   '@esbuild/linux-x64': [ '0.27.4' ],
29 silly audit   '@esbuild/netbsd-arm64': [ '0.27.4' ],
29 silly audit   '@esbuild/netbsd-x64': [ '0.27.4' ],
29 silly audit   '@esbuild/openbsd-arm64': [ '0.27.4' ],
29 silly audit   '@esbuild/openbsd-x64': [ '0.27.4' ],
29 silly audit   '@esbuild/openharmony-arm64': [ '0.27.4' ],
29 silly audit   '@esbuild/sunos-x64': [ '0.27.4' ],
29 silly audit   '@esbuild/win32-arm64': [ '0.27.4' ],
29 silly audit   '@esbuild/win32-ia32': [ '0.27.4' ],
29 silly audit   '@esbuild/win32-x64': [ '0.27.4' ],
29 silly audit   '@eslint-community/eslint-utils': [ '4.9.1' ],
29 silly audit   'eslint-visitor-keys': [ '3.4.3', '5.0.1', '4.2.1' ],
29 silly audit   '@eslint-community/regexpp': [ '4.12.2' ],
29 silly audit   '@eslint/config-array': [ '0.21.2' ],
29 silly audit   '@eslint/config-helpers': [ '0.4.2' ],
29 silly audit   '@eslint/core': [ '0.17.0' ],
29 silly audit   '@eslint/eslintrc': [ '3.3.5' ],
29 silly audit   '@eslint/js': [ '9.39.4' ],
29 silly audit   '@eslint/object-schema': [ '2.1.7' ],
29 silly audit   '@eslint/plugin-kit': [ '0.4.1' ],
29 silly audit   '@hookform/resolvers': [ '5.2.2' ],
29 silly audit   '@humanfs/core': [ '0.19.1' ],
29 silly audit   '@humanfs/node': [ '0.16.7' ],
29 silly audit   '@humanwhocodes/module-importer': [ '1.0.1' ],
29 silly audit   '@humanwhocodes/retry': [ '0.4.3' ],
29 silly audit   '@img/colour': [ '1.1.0' ],
29 silly audit   '@img/sharp-darwin-arm64': [ '0.34.5' ],
29 silly audit   '@img/sharp-darwin-x64': [ '0.34.5' ],
29 silly audit   '@img/sharp-libvips-darwin-arm64': [ '1.2.4' ],
29 silly audit   '@img/sharp-libvips-darwin-x64': [ '1.2.4' ],
29 silly audit   '@img/sharp-libvips-linux-arm': [ '1.2.4' ],
29 silly audit   '@img/sharp-libvips-linux-arm64': [ '1.2.4' ],
29 silly audit   '@img/sharp-libvips-linux-ppc64': [ '1.2.4' ],
29 silly audit   '@img/sharp-libvips-linux-riscv64': [ '1.2.4' ],
29 silly audit   '@img/sharp-libvips-linux-s390x': [ '1.2.4' ],
29 silly audit   '@img/sharp-libvips-linux-x64': [ '1.2.4' ],
29 silly audit   '@img/sharp-libvips-linuxmusl-arm64': [ '1.2.4' ],
29 silly audit   '@img/sharp-libvips-linuxmusl-x64': [ '1.2.4' ],
29 silly audit   '@img/sharp-linux-arm': [ '0.34.5' ],
29 silly audit   '@img/sharp-linux-arm64': [ '0.34.5' ],
29 silly audit   '@img/sharp-linux-ppc64': [ '0.34.5' ],
29 silly audit   '@img/sharp-linux-riscv64': [ '0.34.5' ],
29 silly audit   '@img/sharp-linux-s390x': [ '0.34.5' ],
29 silly audit   '@img/sharp-linux-x64': [ '0.34.5' ],
29 silly audit   '@img/sharp-linuxmusl-arm64': [ '0.34.5' ],
29 silly audit   '@img/sharp-linuxmusl-x64': [ '0.34.5' ],
29 silly audit   '@img/sharp-wasm32': [ '0.34.5' ],
29 silly audit   '@img/sharp-win32-arm64': [ '0.34.5' ],
29 silly audit   '@img/sharp-win32-ia32': [ '0.34.5' ],
29 silly audit   '@img/sharp-win32-x64': [ '0.34.5' ],
29 silly audit   '@jridgewell/gen-mapping': [ '0.3.13' ],
29 silly audit   '@jridgewell/remapping': [ '2.3.5' ],
29 silly audit   '@jridgewell/resolve-uri': [ '3.1.2' ],
29 silly audit   '@jridgewell/sourcemap-codec': [ '1.5.5' ],
29 silly audit   '@jridgewell/trace-mapping': [ '0.3.31' ],
29 silly audit   '@napi-rs/wasm-runtime': [ '0.2.12' ],
29 silly audit   '@next/env': [ '16.2.1' ],
29 silly audit   '@next/eslint-plugin-next': [ '16.2.1' ],
29 silly audit   '@next/swc-darwin-arm64': [ '16.2.1' ],
29 silly audit   '@next/swc-darwin-x64': [ '16.2.1' ],
29 silly audit   '@next/swc-linux-arm64-gnu': [ '16.2.1' ],
29 silly audit   '@next/swc-linux-arm64-musl': [ '16.2.1' ],
29 silly audit   '@next/swc-linux-x64-gnu': [ '16.2.1' ],
29 silly audit   '@next/swc-linux-x64-musl': [ '16.2.1' ],
29 silly audit   '@next/swc-win32-arm64-msvc': [ '16.2.1' ],
29 silly audit   '@next/swc-win32-x64-msvc': [ '16.2.1' ],
29 silly audit   '@nodelib/fs.scandir': [ '2.1.5' ],
29 silly audit   '@nodelib/fs.stat': [ '2.0.5' ],
29 silly audit   '@nodelib/fs.walk': [ '1.2.8' ],
29 silly audit   '@nolyfill/is-core-module': [ '1.0.39' ],
29 silly audit   '@prisma/client': [ '6.19.2' ],
29 silly audit   '@prisma/config': [ '6.19.2' ],
29 silly audit   '@prisma/debug': [ '6.19.2' ],
29 silly audit   '@prisma/engines': [ '6.19.2' ],
29 silly audit   '@prisma/engines-version': [ '7.1.1-3.c2990dca591cba766e3b7ef5d9e8a84796e47ab7' ],
29 silly audit   '@prisma/fetch-engine': [ '6.19.2' ],
29 silly audit   '@prisma/get-platform': [ '6.19.2' ],
29 silly audit   '@rtsao/scc': [ '1.1.0' ],
29 silly audit   '@smithy/abort-controller': [ '4.2.12' ],
29 silly audit   '@smithy/chunked-blob-reader': [ '5.2.2' ],
29 silly audit   '@smithy/chunked-blob-reader-native': [ '4.2.3' ],
29 silly audit   '@smithy/config-resolver': [ '4.4.13' ],
29 silly audit   '@smithy/core': [ '3.23.12' ],
29 silly audit   '@smithy/credential-provider-imds': [ '4.2.12' ],
29 silly audit   '@smithy/eventstream-codec': [ '4.2.12' ],
29 silly audit   '@smithy/eventstream-serde-browser': [ '4.2.12' ],
29 silly audit   '@smithy/eventstream-serde-config-resolver': [ '4.3.12' ],
29 silly audit   '@smithy/eventstream-serde-node': [ '4.2.12' ],
29 silly audit   '@smithy/eventstream-serde-universal': [ '4.2.12' ],
29 silly audit   '@smithy/fetch-http-handler': [ '5.3.15' ],
29 silly audit   '@smithy/hash-blob-browser': [ '4.2.13' ],
29 silly audit   '@smithy/hash-node': [ '4.2.12' ],
29 silly audit   '@smithy/hash-stream-node': [ '4.2.12' ],
29 silly audit   '@smithy/invalid-dependency': [ '4.2.12' ],
29 silly audit   '@smithy/md5-js': [ '4.2.12' ],
29 silly audit   '@smithy/middleware-content-length': [ '4.2.12' ],
29 silly audit   '@smithy/middleware-endpoint': [ '4.4.27' ],
29 silly audit   '@smithy/middleware-retry': [ '4.4.44' ],
29 silly audit   '@smithy/middleware-serde': [ '4.2.15' ],
29 silly audit   '@smithy/middleware-stack': [ '4.2.12' ],
29 silly audit   '@smithy/node-config-provider': [ '4.3.12' ],
29 silly audit   '@smithy/node-http-handler': [ '4.5.0' ],
29 silly audit   '@smithy/property-provider': [ '4.2.12' ],
29 silly audit   '@smithy/protocol-http': [ '5.3.12' ],
29 silly audit   '@smithy/querystring-builder': [ '4.2.12' ],
29 silly audit   '@smithy/querystring-parser': [ '4.2.12' ],
29 silly audit   '@smithy/service-error-classification': [ '4.2.12' ],
29 silly audit   '@smithy/shared-ini-file-loader': [ '4.4.7' ],
29 silly audit   '@smithy/signature-v4': [ '5.3.12' ],
29 silly audit   '@smithy/smithy-client': [ '4.12.7' ],
29 silly audit   '@smithy/types': [ '4.13.1' ],
29 silly audit   '@smithy/url-parser': [ '4.2.12' ],
29 silly audit   '@smithy/util-base64': [ '4.3.2' ],
29 silly audit   '@smithy/util-body-length-browser': [ '4.2.2' ],
29 silly audit   '@smithy/util-body-length-node': [ '4.2.3' ],
29 silly audit   '@smithy/util-config-provider': [ '4.2.2' ],
29 silly audit   '@smithy/util-defaults-mode-browser': [ '4.3.43' ],
29 silly audit   '@smithy/util-defaults-mode-node': [ '4.2.47' ],
29 silly audit   '@smithy/util-endpoints': [ '3.3.3' ],
29 silly audit   '@smithy/util-hex-encoding': [ '4.2.2' ],
29 silly audit   '@smithy/util-middleware': [ '4.2.12' ],
29 silly audit   '@smithy/util-retry': [ '4.2.12' ],
29 silly audit   '@smithy/util-stream': [ '4.5.20' ],
29 silly audit   '@smithy/util-uri-escape': [ '4.2.2' ],
29 silly audit   '@smithy/util-waiter': [ '4.2.13' ],
29 silly audit   '@smithy/uuid': [ '1.1.2' ],
29 silly audit   '@standard-schema/spec': [ '1.1.0' ],
29 silly audit   '@standard-schema/utils': [ '0.3.0' ],
29 silly audit   '@swc/helpers': [ '0.5.15' ],
29 silly audit   '@tailwindcss/node': [ '4.2.2' ],
29 silly audit   '@tailwindcss/oxide': [ '4.2.2' ],
29 silly audit   '@tailwindcss/oxide-android-arm64': [ '4.2.2' ],
29 silly audit   '@tailwindcss/oxide-darwin-arm64': [ '4.2.2' ],
29 silly audit   '@tailwindcss/oxide-darwin-x64': [ '4.2.2' ],
29 silly audit   '@tailwindcss/oxide-freebsd-x64': [ '4.2.2' ],
29 silly audit   '@tailwindcss/oxide-linux-arm-gnueabihf': [ '4.2.2' ],
29 silly audit   '@tailwindcss/oxide-linux-arm64-gnu': [ '4.2.2' ],
29 silly audit   '@tailwindcss/oxide-linux-arm64-musl': [ '4.2.2' ],
29 silly audit   '@tailwindcss/oxide-linux-x64-gnu': [ '4.2.2' ],
29 silly audit   '@tailwindcss/oxide-linux-x64-musl': [ '4.2.2' ],
29 silly audit   '@tailwindcss/oxide-win32-arm64-msvc': [ '4.2.2' ],
29 silly audit   '@tailwindcss/oxide-win32-x64-msvc': [ '4.2.2' ],
29 silly audit   '@tailwindcss/postcss': [ '4.2.2' ],
29 silly audit   '@tybys/wasm-util': [ '0.10.1' ],
29 silly audit   '@types/estree': [ '1.0.8' ],
29 silly audit   '@types/json-schema': [ '7.0.15' ],
29 silly audit   '@types/json5': [ '0.0.29' ],
29 silly audit   '@types/node': [ '20.19.37' ],
29 silly audit   '@types/qrcode': [ '1.5.6' ],
29 silly audit   '@types/react': [ '19.2.14' ],
29 silly audit   '@types/react-dom': [ '19.2.3' ],
29 silly audit   '@typescript-eslint/eslint-plugin': [ '8.57.2' ],
29 silly audit   ignore: [ '7.0.5', '5.3.2' ],
29 silly audit   '@typescript-eslint/parser': [ '8.57.2' ],
29 silly audit   '@typescript-eslint/project-service': [ '8.57.2' ],
29 silly audit   '@typescript-eslint/scope-manager': [ '8.57.2' ],
29 silly audit   '@typescript-eslint/tsconfig-utils': [ '8.57.2' ],
29 silly audit   '@typescript-eslint/type-utils': [ '8.57.2' ],
29 silly audit   '@typescript-eslint/types': [ '8.57.2' ],
29 silly audit   '@typescript-eslint/typescript-estree': [ '8.57.2' ],
29 silly audit   'balanced-match': [ '4.0.4', '1.0.2' ],
29 silly audit   'brace-expansion': [ '5.0.5', '1.1.13' ],
29 silly audit   minimatch: [ '10.2.4', '3.1.5' ],
29 silly audit   semver: [ '7.7.4', '6.3.1' ],
29 silly audit   '@typescript-eslint/utils': [ '8.57.2' ],
29 silly audit   '@typescript-eslint/visitor-keys': [ '8.57.2' ],
29 silly audit   '@unrs/resolver-binding-android-arm-eabi': [ '1.11.1' ],
29 silly audit   '@unrs/resolver-binding-android-arm64': [ '1.11.1' ],
29 silly audit   '@unrs/resolver-binding-darwin-arm64': [ '1.11.1' ],
29 silly audit   '@unrs/resolver-binding-darwin-x64': [ '1.11.1' ],
29 silly audit   '@unrs/resolver-binding-freebsd-x64': [ '1.11.1' ],
29 silly audit   '@unrs/resolver-binding-linux-arm-gnueabihf': [ '1.11.1' ],
29 silly audit   '@unrs/resolver-binding-linux-arm-musleabihf': [ '1.11.1' ],
29 silly audit   '@unrs/resolver-binding-linux-arm64-gnu': [ '1.11.1' ],
29 silly audit   '@unrs/resolver-binding-linux-arm64-musl': [ '1.11.1' ],
29 silly audit   '@unrs/resolver-binding-linux-ppc64-gnu': [ '1.11.1' ],
29 silly audit   '@unrs/resolver-binding-linux-riscv64-gnu': [ '1.11.1' ],
29 silly audit   '@unrs/resolver-binding-linux-riscv64-musl': [ '1.11.1' ],
29 silly audit   '@unrs/resolver-binding-linux-s390x-gnu': [ '1.11.1' ],
29 silly audit   '@unrs/resolver-binding-linux-x64-gnu': [ '1.11.1' ],
29 silly audit   '@unrs/resolver-binding-linux-x64-musl': [ '1.11.1' ],
29 silly audit   '@unrs/resolver-binding-wasm32-wasi': [ '1.11.1' ],
29 silly audit   '@unrs/resolver-binding-win32-arm64-msvc': [ '1.11.1' ],
29 silly audit   '@unrs/resolver-binding-win32-ia32-msvc': [ '1.11.1' ],
29 silly audit   '@unrs/resolver-binding-win32-x64-msvc': [ '1.11.1' ],
29 silly audit   '@zxing/browser': [ '0.1.5' ],
29 silly audit   '@zxing/library': [ '0.21.3' ],
29 silly audit   '@zxing/text-encoding': [ '0.9.0' ],
29 silly audit   acorn: [ '8.16.0' ],
29 silly audit   'acorn-jsx': [ '5.3.2' ],
29 silly audit   ajv: [ '6.14.0' ],
29 silly audit   'ansi-regex': [ '5.0.1' ],
29 silly audit   'ansi-styles': [ '4.3.0' ],
29 silly audit   argparse: [ '2.0.1' ],
29 silly audit   'aria-query': [ '5.3.2' ],
29 silly audit   'array-buffer-byte-length': [ '1.0.2' ],
29 silly audit   'array-includes': [ '3.1.9' ],
29 silly audit   'array.prototype.findlast': [ '1.2.5' ],
29 silly audit   'array.prototype.findlastindex': [ '1.2.6' ],
29 silly audit   'array.prototype.flat': [ '1.3.3' ],
29 silly audit   'array.prototype.flatmap': [ '1.3.3' ],
29 silly audit   'array.prototype.tosorted': [ '1.1.4' ],
29 silly audit   'arraybuffer.prototype.slice': [ '1.0.4' ],
29 silly audit   'ast-types-flow': [ '0.0.8' ],
29 silly audit   'async-function': [ '1.0.0' ],
29 silly audit   'available-typed-arrays': [ '1.0.7' ],
29 silly audit   'axe-core': [ '4.11.1' ],
29 silly audit   'axobject-query': [ '4.1.0' ],
29 silly audit   'baseline-browser-mapping': [ '2.10.11' ],
29 silly audit   bcryptjs: [ '3.0.3' ],
29 silly audit   bowser: [ '2.14.1' ],
29 silly audit   braces: [ '3.0.3' ],
29 silly audit   browserslist: [ '4.28.1' ],
29 silly audit   c12: [ '3.1.0' ],
29 silly audit   'call-bind': [ '1.0.8' ],
29 silly audit   'call-bind-apply-helpers': [ '1.0.2' ],
29 silly audit   'call-bound': [ '1.0.4' ],
29 silly audit   callsites: [ '3.1.0' ],
29 silly audit   camelcase: [ '5.3.1' ],
29 silly audit   'caniuse-lite': [ '1.0.30001781' ],
29 silly audit   chalk: [ '4.1.2' ],
29 silly audit   chokidar: [ '4.0.3' ],
29 silly audit   citty: [ '0.1.6', '0.2.1' ],
29 silly audit   'client-only': [ '0.0.1' ],
29 silly audit   cliui: [ '6.0.0' ],
29 silly audit   clsx: [ '2.1.1' ],
29 silly audit   'color-convert': [ '2.0.1' ],
29 silly audit   'color-name': [ '1.1.4' ],
29 silly audit   'concat-map': [ '0.0.1' ],
29 silly audit   confbox: [ '0.2.4' ],
29 silly audit   consola: [ '3.4.2' ],
29 silly audit   'convert-source-map': [ '2.0.0' ],
29 silly audit   'cross-spawn': [ '7.0.6' ],
29 silly audit   csstype: [ '3.2.3' ],
29 silly audit   'damerau-levenshtein': [ '1.0.8' ],
29 silly audit   'data-view-buffer': [ '1.0.2' ],
29 silly audit   'data-view-byte-length': [ '1.0.2' ],
29 silly audit   'data-view-byte-offset': [ '1.0.1' ],
29 silly audit   'date-fns': [ '4.1.0' ],
29 silly audit   debug: [ '4.4.3', '3.2.7' ],
29 silly audit   decamelize: [ '1.2.0' ],
29 silly audit   'deep-is': [ '0.1.4' ],
29 silly audit   'deepmerge-ts': [ '7.1.5' ],
29 silly audit   'define-data-property': [ '1.1.4' ],
29 silly audit   'define-properties': [ '1.2.1' ],
29 silly audit   defu: [ '6.1.4' ],
29 silly audit   destr: [ '2.0.5' ],
29 silly audit   'detect-libc': [ '2.1.2' ],
29 silly audit   dijkstrajs: [ '1.0.3' ],
29 silly audit   doctrine: [ '2.1.0' ],
29 silly audit   dotenv: [ '16.6.1' ],
29 silly audit   'dunder-proto': [ '1.0.1' ],
29 silly audit   effect: [ '3.18.4' ],
29 silly audit   'electron-to-chromium': [ '1.5.328' ],
29 silly audit   'emoji-regex': [ '9.2.2', '8.0.0' ],
29 silly audit   empathic: [ '2.0.0' ],
29 silly audit   'enhanced-resolve': [ '5.20.1' ],
29 silly audit   'es-abstract': [ '1.24.1' ],
29 silly audit   'es-define-property': [ '1.0.1' ],
29 silly audit   'es-errors': [ '1.3.0' ],
29 silly audit   'es-iterator-helpers': [ '1.3.1' ],
29 silly audit   'es-object-atoms': [ '1.1.1' ],
29 silly audit   'es-set-tostringtag': [ '2.1.0' ],
29 silly audit   'es-shim-unscopables': [ '1.1.0' ],
29 silly audit   'es-to-primitive': [ '1.3.0' ],
29 silly audit   esbuild: [ '0.27.4' ],
29 silly audit   escalade: [ '3.2.0' ],
29 silly audit   'escape-string-regexp': [ '4.0.0' ],
29 silly audit   eslint: [ '9.39.4' ],
29 silly audit   'eslint-config-next': [ '16.2.1' ],
29 silly audit   globals: [ '16.4.0', '14.0.0' ],
29 silly audit   'eslint-import-resolver-node': [ '0.3.9' ],
29 silly audit   'eslint-import-resolver-typescript': [ '3.10.1' ],
29 silly audit   'eslint-module-utils': [ '2.12.1' ],
29 silly audit   'eslint-plugin-import': [ '2.32.0' ],
29 silly audit   'eslint-plugin-jsx-a11y': [ '6.10.2' ],
29 silly audit   'eslint-plugin-react': [ '7.37.5' ],
29 silly audit   'eslint-plugin-react-hooks': [ '7.0.1' ],
29 silly audit   resolve: [ '2.0.0-next.6', '1.22.11' ],
29 silly audit   'eslint-scope': [ '8.4.0' ],
29 silly audit   espree: [ '10.4.0' ],
29 silly audit   esquery: [ '1.7.0' ],
29 silly audit   esrecurse: [ '4.3.0' ],
29 silly audit   estraverse: [ '5.3.0' ],
29 silly audit   esutils: [ '2.0.3' ],
29 silly audit   exsolve: [ '1.0.8' ],
29 silly audit   'fast-check': [ '3.23.2' ],
29 silly audit   'fast-deep-equal': [ '3.1.3' ],
29 silly audit   'fast-glob': [ '3.3.1' ],
29 silly audit   'glob-parent': [ '5.1.2', '6.0.2' ],
29 silly audit   'fast-json-stable-stringify': [ '2.1.0' ],
29 silly audit   'fast-levenshtein': [ '2.0.6' ],
29 silly audit   'fast-xml-builder': [ '1.1.4' ],
29 silly audit   'fast-xml-parser': [ '5.5.8' ],
29 silly audit   fastq: [ '1.20.1' ],
29 silly audit   'file-entry-cache': [ '8.0.0' ],
29 silly audit   'fill-range': [ '7.1.1' ],
29 silly audit   'find-up': [ '5.0.0', '4.1.0' ],
29 silly audit   'flat-cache': [ '4.0.1' ],
29 silly audit   flatted: [ '3.4.2' ],
29 silly audit   'for-each': [ '0.3.5' ],
29 silly audit   fsevents: [ '2.3.3' ],
29 silly audit   'function-bind': [ '1.1.2' ],
29 silly audit   'function.prototype.name': [ '1.1.8' ],
29 silly audit   'functions-have-names': [ '1.2.3' ],
29 silly audit   'generator-function': [ '2.0.1' ],
29 silly audit   gensync: [ '1.0.0-beta.2' ],
29 silly audit   'get-caller-file': [ '2.0.5' ],
29 silly audit   'get-intrinsic': [ '1.3.0' ],
29 silly audit   'get-proto': [ '1.0.1' ],
29 silly audit   'get-symbol-description': [ '1.1.0' ],
29 silly audit   'get-tsconfig': [ '4.13.7' ],
29 silly audit   giget: [ '2.0.0' ],
29 silly audit   globalthis: [ '1.0.4' ],
29 silly audit   gopd: [ '1.2.0' ],
29 silly audit   'graceful-fs': [ '4.2.11' ],
29 silly audit   'has-bigints': [ '1.1.0' ],
29 silly audit   'has-flag': [ '4.0.0' ],
29 silly audit   'has-property-descriptors': [ '1.0.2' ],
29 silly audit   'has-proto': [ '1.2.0' ],
29 silly audit   'has-symbols': [ '1.1.0' ],
29 silly audit   'has-tostringtag': [ '1.0.2' ],
29 silly audit   hasown: [ '2.0.2' ],
29 silly audit   'hermes-estree': [ '0.25.1' ],
29 silly audit   'hermes-parser': [ '0.25.1' ],
29 silly audit   'import-fresh': [ '3.3.1' ],
29 silly audit   imurmurhash: [ '0.1.4' ],
29 silly audit   'internal-slot': [ '1.1.0' ],
29 silly audit   'is-array-buffer': [ '3.0.5' ],
29 silly audit   'is-async-function': [ '2.1.1' ],
29 silly audit   'is-bigint': [ '1.1.0' ],
29 silly audit   'is-boolean-object': [ '1.2.2' ],
29 silly audit   'is-bun-module': [ '2.0.0' ],
29 silly audit   'is-callable': [ '1.2.7' ],
29 silly audit   'is-core-module': [ '2.16.1' ],
29 silly audit   'is-data-view': [ '1.0.2' ],
29 silly audit   'is-date-object': [ '1.1.0' ],
29 silly audit   'is-extglob': [ '2.1.1' ],
29 silly audit   'is-finalizationregistry': [ '1.1.1' ],
29 silly audit   'is-fullwidth-code-point': [ '3.0.0' ],
29 silly audit   'is-generator-function': [ '1.1.2' ],
29 silly audit   'is-glob': [ '4.0.3' ],
29 silly audit   'is-map': [ '2.0.3' ],
29 silly audit   'is-negative-zero': [ '2.0.3' ],
29 silly audit   'is-number': [ '7.0.0' ],
29 silly audit   'is-number-object': [ '1.1.1' ],
29 silly audit   'is-regex': [ '1.2.1' ],
29 silly audit   'is-set': [ '2.0.3' ],
29 silly audit   'is-shared-array-buffer': [ '1.0.4' ],
29 silly audit   'is-string': [ '1.1.1' ],
29 silly audit   'is-symbol': [ '1.1.1' ],
29 silly audit   'is-typed-array': [ '1.1.15' ],
29 silly audit   'is-weakmap': [ '2.0.2' ],
29 silly audit   'is-weakref': [ '1.1.1' ],
29 silly audit   'is-weakset': [ '2.0.4' ],
29 silly audit   isarray: [ '2.0.5' ],
29 silly audit   isexe: [ '2.0.0' ],
29 silly audit   'iterator.prototype': [ '1.1.5' ],
29 silly audit   jiti: [ '2.6.1' ],
29 silly audit   jose: [ '6.2.2' ],
29 silly audit   'js-tokens': [ '4.0.0' ],
29 silly audit   'js-yaml': [ '4.1.1' ],
29 silly audit   jsesc: [ '3.1.0' ],
29 silly audit   'json-buffer': [ '3.0.1' ],
29 silly audit   'json-schema-traverse': [ '0.4.1' ],
29 silly audit   'json-stable-stringify-without-jsonify': [ '1.0.1' ],
29 silly audit   json5: [ '2.2.3', '1.0.2' ],
29 silly audit   'jsx-ast-utils': [ '3.3.5' ],
29 silly audit   keyv: [ '4.5.4' ],
29 silly audit   'language-subtag-registry': [ '0.3.23' ],
29 silly audit   'language-tags': [ '1.0.9' ],
29 silly audit   levn: [ '0.4.1' ],
29 silly audit   lightningcss: [ '1.32.0' ],
29 silly audit   'lightningcss-android-arm64': [ '1.32.0' ],
29 silly audit   'lightningcss-darwin-arm64': [ '1.32.0' ],
29 silly audit   'lightningcss-darwin-x64': [ '1.32.0' ],
29 silly audit   'lightningcss-freebsd-x64': [ '1.32.0' ],
29 silly audit   'lightningcss-linux-arm-gnueabihf': [ '1.32.0' ],
29 silly audit   'lightningcss-linux-arm64-gnu': [ '1.32.0' ],
29 silly audit   'lightningcss-linux-arm64-musl': [ '1.32.0' ],
29 silly audit   'lightningcss-linux-x64-gnu': [ '1.32.0' ],
29 silly audit   'lightningcss-linux-x64-musl': [ '1.32.0' ],
29 silly audit   'lightningcss-win32-arm64-msvc': [ '1.32.0' ],
29 silly audit   'lightningcss-win32-x64-msvc': [ '1.32.0' ],
29 silly audit   'locate-path': [ '6.0.0', '5.0.0' ],
29 silly audit   'lodash.merge': [ '4.6.2' ],
29 silly audit   'loose-envify': [ '1.4.0' ],
29 silly audit   'lru-cache': [ '5.1.1' ],
29 silly audit   'lucide-react': [ '1.7.0' ],
29 silly audit   'magic-string': [ '0.30.21' ],
29 silly audit   'math-intrinsics': [ '1.1.0' ],
29 silly audit   merge2: [ '1.4.1' ],
29 silly audit   micromatch: [ '4.0.8' ],
29 silly audit   minimist: [ '1.2.8' ],
29 silly audit   ms: [ '2.1.3' ],
29 silly audit   nanoid: [ '5.1.7', '3.3.11' ],
29 silly audit   'napi-postinstall': [ '0.3.4' ],
29 silly audit   'natural-compare': [ '1.4.0' ],
29 silly audit   next: [ '16.2.1' ],
29 silly audit   postcss: [ '8.4.31', '8.5.8' ],
29 silly audit   'node-exports-info': [ '1.6.0' ],
29 silly audit   'node-fetch-native': [ '1.6.7' ],
29 silly audit   'node-releases': [ '2.0.36' ],
29 silly audit   nypm: [ '0.6.5' ],
29 silly audit   'object-assign': [ '4.1.1' ],
29 silly audit   'object-inspect': [ '1.13.4' ],
29 silly audit   'object-keys': [ '1.1.1' ],
29 silly audit   'object.assign': [ '4.1.7' ],
29 silly audit   'object.entries': [ '1.1.9' ],
29 silly audit   'object.fromentries': [ '2.0.8' ],
29 silly audit   'object.groupby': [ '1.0.3' ],
29 silly audit   'object.values': [ '1.2.1' ],
29 silly audit   ohash: [ '2.0.11' ],
29 silly audit   optionator: [ '0.9.4' ],
29 silly audit   'own-keys': [ '1.0.1' ],
29 silly audit   'p-limit': [ '3.1.0', '2.3.0' ],
29 silly audit   'p-locate': [ '5.0.0', '4.1.0' ],
29 silly audit   'p-try': [ '2.2.0' ],
29 silly audit   'parent-module': [ '1.0.1' ],
29 silly audit   'path-exists': [ '4.0.0' ],
29 silly audit   'path-expression-matcher': [ '1.2.0' ],
29 silly audit   'path-key': [ '3.1.1' ],
29 silly audit   'path-parse': [ '1.0.7' ],
29 silly audit   pathe: [ '2.0.3' ],
29 silly audit   'perfect-debounce': [ '1.0.0' ],
29 silly audit   picocolors: [ '1.1.1' ],
29 silly audit   picomatch: [ '2.3.2', '4.0.4' ],
29 silly audit   'pkg-types': [ '2.3.0' ],
29 silly audit   pngjs: [ '5.0.0' ],
29 silly audit   'possible-typed-array-names': [ '1.1.0' ],
29 silly audit   'prelude-ls': [ '1.2.1' ],
29 silly audit   prisma: [ '6.19.2' ],
29 silly audit   'prop-types': [ '15.8.1' ],
29 silly audit   punycode: [ '2.3.1' ],
29 silly audit   'pure-rand': [ '6.1.0' ],
29 silly audit   qrcode: [ '1.5.4' ],
29 silly audit   'queue-microtask': [ '1.2.3' ],
29 silly audit   rc9: [ '2.1.2' ],
29 silly audit   react: [ '19.2.4' ],
29 silly audit   'react-dom': [ '19.2.4' ],
29 silly audit   'react-hook-form': [ '7.72.0' ],
29 silly audit   'react-is': [ '16.13.1' ],
29 silly audit   readdirp: [ '4.1.2' ],
29 silly audit   'reflect.getprototypeof': [ '1.0.10' ],
29 silly audit   'regexp.prototype.flags': [ '1.5.4' ],
29 silly audit   'require-directory': [ '2.1.1' ],
29 silly audit   'require-main-filename': [ '2.0.0' ],
29 silly audit   'resolve-from': [ '4.0.0' ],
29 silly audit   'resolve-pkg-maps': [ '1.0.0' ],
29 silly audit   reusify: [ '1.1.0' ],
29 silly audit   'run-parallel': [ '1.2.0' ],
29 silly audit   'safe-array-concat': [ '1.1.3' ],
29 silly audit   'safe-push-apply': [ '1.0.0' ],
29 silly audit   'safe-regex-test': [ '1.1.0' ],
29 silly audit   scheduler: [ '0.27.0' ],
29 silly audit   'set-blocking': [ '2.0.0' ],
29 silly audit   'set-function-length': [ '1.2.2' ],
29 silly audit   'set-function-name': [ '2.0.2' ],
29 silly audit   'set-proto': [ '1.0.0' ],
29 silly audit   sharp: [ '0.34.5' ],
29 silly audit   'shebang-command': [ '2.0.0' ],
29 silly audit   'shebang-regex': [ '3.0.0' ],
29 silly audit   'side-channel': [ '1.1.0' ],
29 silly audit   'side-channel-list': [ '1.0.0' ],
29 silly audit   'side-channel-map': [ '1.0.1' ],
29 silly audit   'side-channel-weakmap': [ '1.0.2' ],
29 silly audit   'source-map-js': [ '1.2.1' ],
29 silly audit   'stable-hash': [ '0.0.5' ],
29 silly audit   'stop-iteration-iterator': [ '1.1.0' ],
29 silly audit   'string-width': [ '4.2.3' ],
29 silly audit   'string.prototype.includes': [ '2.0.1' ],
29 silly audit   'string.prototype.matchall': [ '4.0.12' ],
29 silly audit   'string.prototype.repeat': [ '1.0.0' ],
29 silly audit   'string.prototype.trim': [ '1.2.10' ],
29 silly audit   'string.prototype.trimend': [ '1.0.9' ],
29 silly audit   'string.prototype.trimstart': [ '1.0.8' ],
29 silly audit   'strip-ansi': [ '6.0.1' ],
29 silly audit   'strip-bom': [ '3.0.0' ],
29 silly audit   'strip-json-comments': [ '3.1.1' ],
29 silly audit   strnum: [ '2.2.2' ],
29 silly audit   'styled-jsx': [ '5.1.6' ],
29 silly audit   'supports-color': [ '7.2.0' ],
29 silly audit   'supports-preserve-symlinks-flag': [ '1.0.0' ],
29 silly audit   tailwindcss: [ '4.2.2' ],
29 silly audit   tapable: [ '2.3.2' ],
29 silly audit   tinyexec: [ '1.0.4' ],
29 silly audit   tinyglobby: [ '0.2.15' ],
29 silly audit   fdir: [ '6.5.0' ],
29 silly audit   'to-regex-range': [ '5.0.1' ],
29 silly audit   'ts-api-utils': [ '2.5.0' ],
29 silly audit   'ts-custom-error': [ '3.3.1' ],
29 silly audit   'tsconfig-paths': [ '3.15.0' ],
29 silly audit   tslib: [ '2.8.1' ],
29 silly audit   tsx: [ '4.21.0' ],
29 silly audit   'type-check': [ '0.4.0' ],
29 silly audit   'typed-array-buffer': [ '1.0.3' ],
29 silly audit   'typed-array-byte-length': [ '1.0.3' ],
29 silly audit   'typed-array-byte-offset': [ '1.0.4' ],
29 silly audit   'typed-array-length': [ '1.0.7' ],
29 silly audit   typescript: [ '5.9.3' ],
29 silly audit   'typescript-eslint': [ '8.57.2' ],
29 silly audit   'unbox-primitive': [ '1.1.0' ],
29 silly audit   'undici-types': [ '6.21.0' ],
29 silly audit   'unrs-resolver': [ '1.11.1' ],
29 silly audit   'update-browserslist-db': [ '1.2.3' ],
29 silly audit   'uri-js': [ '4.4.1' ],
29 silly audit   which: [ '2.0.2' ],
29 silly audit   'which-boxed-primitive': [ '1.1.1' ],
29 silly audit   'which-builtin-type': [ '1.2.1' ],
29 silly audit   'which-collection': [ '1.0.2' ],
29 silly audit   'which-module': [ '2.0.1' ],
29 silly audit   'which-typed-array': [ '1.1.20' ],
29 silly audit   'word-wrap': [ '1.2.5' ],
29 silly audit   'wrap-ansi': [ '6.2.0' ],
29 silly audit   y18n: [ '4.0.3' ],
29 silly audit   yallist: [ '3.1.1' ],
29 silly audit   yargs: [ '15.4.1' ],
29 silly audit   'yargs-parser': [ '18.1.3' ],
29 silly audit   'yocto-queue': [ '0.1.0' ],
29 silly audit   zod: [ '4.3.6' ],
29 silly audit   'zod-validation-error': [ '4.0.2' ],
29 silly audit   '@types/nodemailer': [ '7.0.11' ],
29 silly audit   nodemailer: [ '8.0.4' ],
29 silly audit   '@tailwindcss/oxide-wasm32-wasi': [ '4.2.2' ]
29 silly audit }
30 verbose reify failed optional dependency /Users/oliverweekley/Desktop/ScoutsQuatermaster/scouts-quartermaster/node_modules/lightningcss-win32-x64-msvc
31 silly reify mark deleted [
31 silly reify   '/Users/oliverweekley/Desktop/ScoutsQuatermaster/scouts-quartermaster/node_modules/lightningcss-win32-x64-msvc'
31 silly reify ]
32 verbose reify failed optional dependency /Users/oliverweekley/Desktop/ScoutsQuatermaster/scouts-quartermaster/node_modules/lightningcss-win32-arm64-msvc
33 silly reify mark deleted [
33 silly reify   '/Users/oliverweekley/Desktop/ScoutsQuatermaster/scouts-quartermaster/node_modules/lightningcss-win32-arm64-msvc'
33 silly reify ]
34 verbose reify failed optional dependency /Users/oliverweekley/Desktop/ScoutsQuatermaster/scouts-quartermaster/node_modules/lightningcss-linux-x64-musl
35 silly reify mark deleted [
35 silly reify   '/Users/oliverweekley/Desktop/ScoutsQuatermaster/scouts-quartermaster/node_modules/lightningcss-linux-x64-musl'
35 silly reify ]
36 verbose reify failed optional dependency /Users/oliverweekley/Desktop/ScoutsQuatermaster/scouts-quartermaster/node_modules/lightningcss-linux-x64-gnu
37 silly reify mark deleted [
37 silly reify   '/Users/oliverweekley/Desktop/ScoutsQuatermaster/scouts-quartermaster/node_modules/lightningcss-linux-x64-gnu'
37 silly reify ]
38 verbose reify failed optional dependency /Users/oliverweekley/Desktop/ScoutsQuatermaster/scouts-quartermaster/node_modules/lightningcss-linux-arm64-musl
39 silly reify mark deleted [
39 silly reify   '/Users/oliverweekley/Desktop/ScoutsQuatermaster/scouts-quartermaster/node_modules/lightningcss-linux-arm64-musl'
39 silly reify ]
40 verbose reify failed optional dependency /Users/oliverweekley/Desktop/ScoutsQuatermaster/scouts-quartermaster/node_modules/lightningcss-linux-arm64-gnu
41 silly reify mark deleted [
41 silly reify   '/Users/oliverweekley/Desktop/ScoutsQuatermaster/scouts-quartermaster/node_modules/lightningcss-linux-arm64-gnu'
41 silly reify ]
42 verbose reify failed optional dependency /Users/oliverweekley/Desktop/ScoutsQuatermaster/scouts-quartermaster/node_modules/lightningcss-linux-arm-gnueabihf
43 silly reify mark deleted [
43 silly reify   '/Users/oliverweekley/Desktop/ScoutsQuatermaster/scouts-quartermaster/node_modules/lightningcss-linux-arm-gnueabihf'
43 silly reify ]
44 verbose reify failed optional dependency /Users/oliverweekley/Desktop/ScoutsQuatermaster/scouts-quartermaster/node_modules/lightningcss-freebsd-x64
45 silly reify mark deleted [
45 silly reify   '/Users/oliverweekley/Desktop/ScoutsQuatermaster/scouts-quartermaster/node_modules/lightningcss-freebsd-x64'
45 silly reify ]
46 verbose reify failed optional dependency /Users/oliverweekley/Desktop/ScoutsQuatermaster/scouts-quartermaster/node_modules/lightningcss-darwin-x64
47 silly reify mark deleted [
47 silly reify   '/Users/oliverweekley/Desktop/ScoutsQuatermaster/scouts-quartermaster/node_modules/lightningcss-darwin-x64'
47 silly reify ]
48 verbose reify failed optional dependency /Users/oliverweekley/Desktop/ScoutsQuatermaster/scouts-quartermaster/node_modules/lightningcss-android-arm64
49 silly reify mark deleted [
49 silly reify   '/Users/oliverweekley/Desktop/ScoutsQuatermaster/scouts-quartermaster/node_modules/lightningcss-android-arm64'
49 silly reify ]
50 verbose reify failed optional dependency /Users/oliverweekley/Desktop/ScoutsQuatermaster/scouts-quartermaster/node_modules/@unrs/resolver-binding-win32-x64-msvc
51 silly reify mark deleted [
51 silly reify   '/Users/oliverweekley/Desktop/ScoutsQuatermaster/scouts-quartermaster/node_modules/@unrs/resolver-binding-win32-x64-msvc'
51 silly reify ]
52 verbose reify failed optional dependency /Users/oliverweekley/Desktop/ScoutsQuatermaster/scouts-quartermaster/node_modules/@unrs/resolver-binding-win32-ia32-msvc
53 silly reify mark deleted [
53 silly reify   '/Users/oliverweekley/Desktop/ScoutsQuatermaster/scouts-quartermaster/node_modules/@unrs/resolver-binding-win32-ia32-msvc'
53 silly reify ]
54 verbose reify failed optional dependency /Users/oliverweekley/Desktop/ScoutsQuatermaster/scouts-quartermaster/node_modules/@unrs/resolver-binding-win32-arm64-msvc
55 silly reify mark deleted [
55 silly reify   '/Users/oliverweekley/Desktop/ScoutsQuatermaster/scouts-quartermaster/node_modules/@unrs/resolver-binding-win32-arm64-msvc'
55 silly reify ]
56 verbose reify failed optional dependency /Users/oliverweekley/Desktop/ScoutsQuatermaster/scouts-quartermaster/node_modules/@unrs/resolver-binding-wasm32-wasi
57 silly reify mark deleted [
57 silly reify   '/Users/oliverweekley/Desktop/ScoutsQuatermaster/scouts-quartermaster/node_modules/@unrs/resolver-binding-wasm32-wasi'
57 silly reify ]
58 verbose reify failed optional dependency /Users/oliverweekley/Desktop/ScoutsQuatermaster/scouts-quartermaster/node_modules/@unrs/resolver-binding-linux-x64-musl
59 silly reify mark deleted [
59 silly reify   '/Users/oliverweekley/Desktop/ScoutsQuatermaster/scouts-quartermaster/node_modules/@unrs/resolver-binding-linux-x64-musl'
59 silly reify ]
60 verbose reify failed optional dependency /Users/oliverweekley/Desktop/ScoutsQuatermaster/scouts-quartermaster/node_modules/@unrs/resolver-binding-linux-x64-gnu
61 silly reify mark deleted [
61 silly reify   '/Users/oliverweekley/Desktop/ScoutsQuatermaster/scouts-quartermaster/node_modules/@unrs/resolver-binding-linux-x64-gnu'
61 silly reify ]
62 verbose reify failed optional dependency /Users/oliverweekley/Desktop/ScoutsQuatermaster/scouts-quartermaster/node_modules/@unrs/resolver-binding-linux-s390x-gnu
63 silly reify mark deleted [
63 silly reify   '/Users/oliverweekley/Desktop/ScoutsQuatermaster/scouts-quartermaster/node_modules/@unrs/resolver-binding-linux-s390x-gnu'
63 silly reify ]
64 verbose reify failed optional dependency /Users/oliverweekley/Desktop/ScoutsQuatermaster/scouts-quartermaster/node_modules/@unrs/resolver-binding-linux-riscv64-musl
65 silly reify mark deleted [
65 silly reify   '/Users/oliverweekley/Desktop/ScoutsQuatermaster/scouts-quartermaster/node_modules/@unrs/resolver-binding-linux-riscv64-musl'
65 silly reify ]
66 verbose reify failed optional dependency /Users/oliverweekley/Desktop/ScoutsQuatermaster/scouts-quartermaster/node_modules/@unrs/resolver-binding-linux-riscv64-gnu
67 silly reify mark deleted [
67 silly reify   '/Users/oliverweekley/Desktop/ScoutsQuatermaster/scouts-quartermaster/node_modules/@unrs/resolver-binding-linux-riscv64-gnu'
67 silly reify ]
68 verbose reify failed optional dependency /Users/oliverweekley/Desktop/ScoutsQuatermaster/scouts-quartermaster/node_modules/@unrs/resolver-binding-linux-ppc64-gnu
69 silly reify mark deleted [
69 silly reify   '/Users/oliverweekley/Desktop/ScoutsQuatermaster/scouts-quartermaster/node_modules/@unrs/resolver-binding-linux-ppc64-gnu'
69 silly reify ]
70 verbose reify failed optional dependency /Users/oliverweekley/Desktop/ScoutsQuatermaster/scouts-quartermaster/node_modules/@unrs/resolver-binding-linux-arm64-musl
71 silly reify mark deleted [
71 silly reify   '/Users/oliverweekley/Desktop/ScoutsQuatermaster/scouts-quartermaster/node_modules/@unrs/resolver-binding-linux-arm64-musl'
71 silly reify ]
72 verbose reify failed optional dependency /Users/oliverweekley/Desktop/ScoutsQuatermaster/scouts-quartermaster/node_modules/@unrs/resolver-binding-linux-arm64-gnu
73 silly reify mark deleted [
73 silly reify   '/Users/oliverweekley/Desktop/ScoutsQuatermaster/scouts-quartermaster/node_modules/@unrs/resolver-binding-linux-arm64-gnu'
73 silly reify ]
74 verbose reify failed optional dependency /Users/oliverweekley/Desktop/ScoutsQuatermaster/scouts-quartermaster/node_modules/@unrs/resolver-binding-linux-arm-musleabihf
75 silly reify mark deleted [
75 silly reify   '/Users/oliverweekley/Desktop/ScoutsQuatermaster/scouts-quartermaster/node_modules/@unrs/resolver-binding-linux-arm-musleabihf'
75 silly reify ]
76 verbose reify failed optional dependency /Users/oliverweekley/Desktop/ScoutsQuatermaster/scouts-quartermaster/node_modules/@unrs/resolver-binding-linux-arm-gnueabihf
77 silly reify mark deleted [
77 silly reify   '/Users/oliverweekley/Desktop/ScoutsQuatermaster/scouts-quartermaster/node_modules/@unrs/resolver-binding-linux-arm-gnueabihf'
77 silly reify ]
78 verbose reify failed optional dependency /Users/oliverweekley/Desktop/ScoutsQuatermaster/scouts-quartermaster/node_modules/@unrs/resolver-binding-freebsd-x64
79 silly reify mark deleted [
79 silly reify   '/Users/oliverweekley/Desktop/ScoutsQuatermaster/scouts-quartermaster/node_modules/@unrs/resolver-binding-freebsd-x64'
79 silly reify ]
80 verbose reify failed optional dependency /Users/oliverweekley/Desktop/ScoutsQuatermaster/scouts-quartermaster/node_modules/@unrs/resolver-binding-darwin-x64
81 silly reify mark deleted [
81 silly reify   '/Users/oliverweekley/Desktop/ScoutsQuatermaster/scouts-quartermaster/node_modules/@unrs/resolver-binding-darwin-x64'
81 silly reify ]
82 verbose reify failed optional dependency /Users/oliverweekley/Desktop/ScoutsQuatermaster/scouts-quartermaster/node_modules/@unrs/resolver-binding-android-arm64
83 silly reify mark deleted [
83 silly reify   '/Users/oliverweekley/Desktop/ScoutsQuatermaster/scouts-quartermaster/node_modules/@unrs/resolver-binding-android-arm64'
83 silly reify ]
84 verbose reify failed optional dependency /Users/oliverweekley/Desktop/ScoutsQuatermaster/scouts-quartermaster/node_modules/@unrs/resolver-binding-android-arm-eabi
85 silly reify mark deleted [
85 silly reify   '/Users/oliverweekley/Desktop/ScoutsQuatermaster/scouts-quartermaster/node_modules/@unrs/resolver-binding-android-arm-eabi'
85 silly reify ]
86 verbose reify failed optional dependency /Users/oliverweekley/Desktop/ScoutsQuatermaster/scouts-quartermaster/node_modules/@tailwindcss/oxide-win32-x64-msvc
87 silly reify mark deleted [
87 silly reify   '/Users/oliverweekley/Desktop/ScoutsQuatermaster/scouts-quartermaster/node_modules/@tailwindcss/oxide-win32-x64-msvc'
87 silly reify ]
88 verbose reify failed optional dependency /Users/oliverweekley/Desktop/ScoutsQuatermaster/scouts-quartermaster/node_modules/@tailwindcss/oxide-win32-arm64-msvc
89 silly reify mark deleted [
89 silly reify   '/Users/oliverweekley/Desktop/ScoutsQuatermaster/scouts-quartermaster/node_modules/@tailwindcss/oxide-win32-arm64-msvc'
89 silly reify ]
90 verbose reify failed optional dependency /Users/oliverweekley/Desktop/ScoutsQuatermaster/scouts-quartermaster/node_modules/@tailwindcss/oxide-linux-x64-musl
91 silly reify mark deleted [
91 silly reify   '/Users/oliverweekley/Desktop/ScoutsQuatermaster/scouts-quartermaster/node_modules/@tailwindcss/oxide-linux-x64-musl'
91 silly reify ]
92 verbose reify failed optional dependency /Users/oliverweekley/Desktop/ScoutsQuatermaster/scouts-quartermaster/node_modules/@tailwindcss/oxide-linux-x64-gnu
93 silly reify mark deleted [
93 silly reify   '/Users/oliverweekley/Desktop/ScoutsQuatermaster/scouts-quartermaster/node_modules/@tailwindcss/oxide-linux-x64-gnu'
93 silly reify ]
94 verbose reify failed optional dependency /Users/oliverweekley/Desktop/ScoutsQuatermaster/scouts-quartermaster/node_modules/@tailwindcss/oxide-linux-arm64-musl
95 silly reify mark deleted [
95 silly reify   '/Users/oliverweekley/Desktop/ScoutsQuatermaster/scouts-quartermaster/node_modules/@tailwindcss/oxide-linux-arm64-musl'
95 silly reify ]
96 verbose reify failed optional dependency /Users/oliverweekley/Desktop/ScoutsQuatermaster/scouts-quartermaster/node_modules/@tailwindcss/oxide-linux-arm64-gnu
97 silly reify mark deleted [
97 silly reify   '/Users/oliverweekley/Desktop/ScoutsQuatermaster/scouts-quartermaster/node_modules/@tailwindcss/oxide-linux-arm64-gnu'
97 silly reify ]
98 verbose reify failed optional dependency /Users/oliverweekley/Desktop/ScoutsQuatermaster/scouts-quartermaster/node_modules/@tailwindcss/oxide-linux-arm-gnueabihf
99 silly reify mark deleted [
99 silly reify   '/Users/oliverweekley/Desktop/ScoutsQuatermaster/scouts-quartermaster/node_modules/@tailwindcss/oxide-linux-arm-gnueabihf'
99 silly reify ]
100 verbose reify failed optional dependency /Users/oliverweekley/Desktop/ScoutsQuatermaster/scouts-quartermaster/node_modules/@tailwindcss/oxide-freebsd-x64
101 silly reify mark deleted [
101 silly reify   '/Users/oliverweekley/Desktop/ScoutsQuatermaster/scouts-quartermaster/node_modules/@tailwindcss/oxide-freebsd-x64'
101 silly reify ]
102 verbose reify failed optional dependency /Users/oliverweekley/Desktop/ScoutsQuatermaster/scouts-quartermaster/node_modules/@tailwindcss/oxide-darwin-x64
103 silly reify mark deleted [
103 silly reify   '/Users/oliverweekley/Desktop/ScoutsQuatermaster/scouts-quartermaster/node_modules/@tailwindcss/oxide-darwin-x64'
103 silly reify ]
104 verbose reify failed optional dependency /Users/oliverweekley/Desktop/ScoutsQuatermaster/scouts-quartermaster/node_modules/@tailwindcss/oxide-android-arm64
105 silly reify mark deleted [
105 silly reify   '/Users/oliverweekley/Desktop/ScoutsQuatermaster/scouts-quartermaster/node_modules/@tailwindcss/oxide-android-arm64'
105 silly reify ]
106 verbose reify failed optional dependency /Users/oliverweekley/Desktop/ScoutsQuatermaster/scouts-quartermaster/node_modules/@next/swc-win32-x64-msvc
107 silly reify mark deleted [
107 silly reify   '/Users/oliverweekley/Desktop/ScoutsQuatermaster/scouts-quartermaster/node_modules/@next/swc-win32-x64-msvc'
107 silly reify ]
108 verbose reify failed optional dependency /Users/oliverweekley/Desktop/ScoutsQuatermaster/scouts-quartermaster/node_modules/@next/swc-win32-arm64-msvc
109 silly reify mark deleted [
109 silly reify   '/Users/oliverweekley/Desktop/ScoutsQuatermaster/scouts-quartermaster/node_modules/@next/swc-win32-arm64-msvc'
109 silly reify ]
110 verbose reify failed optional dependency /Users/oliverweekley/Desktop/ScoutsQuatermaster/scouts-quartermaster/node_modules/@next/swc-linux-x64-musl
111 silly reify mark deleted [
111 silly reify   '/Users/oliverweekley/Desktop/ScoutsQuatermaster/scouts-quartermaster/node_modules/@next/swc-linux-x64-musl'
111 silly reify ]
112 verbose reify failed optional dependency /Users/oliverweekley/Desktop/ScoutsQuatermaster/scouts-quartermaster/node_modules/@next/swc-linux-x64-gnu
113 silly reify mark deleted [
113 silly reify   '/Users/oliverweekley/Desktop/ScoutsQuatermaster/scouts-quartermaster/node_modules/@next/swc-linux-x64-gnu'
113 silly reify ]
114 verbose reify failed optional dependency /Users/oliverweekley/Desktop/ScoutsQuatermaster/scouts-quartermaster/node_modules/@next/swc-linux-arm64-musl
115 silly reify mark deleted [
115 silly reify   '/Users/oliverweekley/Desktop/ScoutsQuatermaster/scouts-quartermaster/node_modules/@next/swc-linux-arm64-musl'
115 silly reify ]
116 verbose reify failed optional dependency /Users/oliverweekley/Desktop/ScoutsQuatermaster/scouts-quartermaster/node_modules/@next/swc-linux-arm64-gnu
117 silly reify mark deleted [
117 silly reify   '/Users/oliverweekley/Desktop/ScoutsQuatermaster/scouts-quartermaster/node_modules/@next/swc-linux-arm64-gnu'
117 silly reify ]
118 verbose reify failed optional dependency /Users/oliverweekley/Desktop/ScoutsQuatermaster/scouts-quartermaster/node_modules/@next/swc-darwin-x64
119 silly reify mark deleted [
119 silly reify   '/Users/oliverweekley/Desktop/ScoutsQuatermaster/scouts-quartermaster/node_modules/@next/swc-darwin-x64'
119 silly reify ]
120 verbose reify failed optional dependency /Users/oliverweekley/Desktop/ScoutsQuatermaster/scouts-quartermaster/node_modules/@img/sharp-win32-x64
121 silly reify mark deleted [
121 silly reify   '/Users/oliverweekley/Desktop/ScoutsQuatermaster/scouts-quartermaster/node_modules/@img/sharp-win32-x64'
121 silly reify ]
122 verbose reify failed optional dependency /Users/oliverweekley/Desktop/ScoutsQuatermaster/scouts-quartermaster/node_modules/@img/sharp-win32-ia32
123 silly reify mark deleted [
123 silly reify   '/Users/oliverweekley/Desktop/ScoutsQuatermaster/scouts-quartermaster/node_modules/@img/sharp-win32-ia32'
123 silly reify ]
124 verbose reify failed optional dependency /Users/oliverweekley/Desktop/ScoutsQuatermaster/scouts-quartermaster/node_modules/@img/sharp-win32-arm64
125 silly reify mark deleted [
125 silly reify   '/Users/oliverweekley/Desktop/ScoutsQuatermaster/scouts-quartermaster/node_modules/@img/sharp-win32-arm64'
125 silly reify ]
126 verbose reify failed optional dependency /Users/oliverweekley/Desktop/ScoutsQuatermaster/scouts-quartermaster/node_modules/@img/sharp-wasm32
127 silly reify mark deleted [
127 silly reify   '/Users/oliverweekley/Desktop/ScoutsQuatermaster/scouts-quartermaster/node_modules/@img/sharp-wasm32'
127 silly reify ]
128 verbose reify failed optional dependency /Users/oliverweekley/Desktop/ScoutsQuatermaster/scouts-quartermaster/node_modules/@img/sharp-linuxmusl-x64
129 silly reify mark deleted [
129 silly reify   '/Users/oliverweekley/Desktop/ScoutsQuatermaster/scouts-quartermaster/node_modules/@img/sharp-linuxmusl-x64'
129 silly reify ]
130 verbose reify failed optional dependency /Users/oliverweekley/Desktop/ScoutsQuatermaster/scouts-quartermaster/node_modules/@img/sharp-linuxmusl-arm64
131 silly reify mark deleted [
131 silly reify   '/Users/oliverweekley/Desktop/ScoutsQuatermaster/scouts-quartermaster/node_modules/@img/sharp-linuxmusl-arm64'
131 silly reify ]
132 verbose reify failed optional dependency /Users/oliverweekley/Desktop/ScoutsQuatermaster/scouts-quartermaster/node_modules/@img/sharp-linux-x64
133 silly reify mark deleted [
133 silly reify   '/Users/oliverweekley/Desktop/ScoutsQuatermaster/scouts-quartermaster/node_modules/@img/sharp-linux-x64'
133 silly reify ]
134 verbose reify failed optional dependency /Users/oliverweekley/Desktop/ScoutsQuatermaster/scouts-quartermaster/node_modules/@img/sharp-linux-s390x
135 silly reify mark deleted [
135 silly reify   '/Users/oliverweekley/Desktop/ScoutsQuatermaster/scouts-quartermaster/node_modules/@img/sharp-linux-s390x'
135 silly reify ]
136 verbose reify failed optional dependency /Users/oliverweekley/Desktop/ScoutsQuatermaster/scouts-quartermaster/node_modules/@img/sharp-linux-riscv64
137 silly reify mark deleted [
137 silly reify   '/Users/oliverweekley/Desktop/ScoutsQuatermaster/scouts-quartermaster/node_modules/@img/sharp-linux-riscv64'
137 silly reify ]
138 verbose reify failed optional dependency /Users/oliverweekley/Desktop/ScoutsQuatermaster/scouts-quartermaster/node_modules/@img/sharp-linux-ppc64
139 silly reify mark deleted [
139 silly reify   '/Users/oliverweekley/Desktop/ScoutsQuatermaster/scouts-quartermaster/node_modules/@img/sharp-linux-ppc64'
139 silly reify ]
140 verbose reify failed optional dependency /Users/oliverweekley/Desktop/ScoutsQuatermaster/scouts-quartermaster/node_modules/@img/sharp-linux-arm64
141 silly reify mark deleted [
141 silly reify   '/Users/oliverweekley/Desktop/ScoutsQuatermaster/scouts-quartermaster/node_modules/@img/sharp-linux-arm64'
141 silly reify ]
142 verbose reify failed optional dependency /Users/oliverweekley/Desktop/ScoutsQuatermaster/scouts-quartermaster/node_modules/@img/sharp-linux-arm
143 silly reify mark deleted [
143 silly reify   '/Users/oliverweekley/Desktop/ScoutsQuatermaster/scouts-quartermaster/node_modules/@img/sharp-linux-arm'
143 silly reify ]
144 verbose reify failed optional dependency /Users/oliverweekley/Desktop/ScoutsQuatermaster/scouts-quartermaster/node_modules/@img/sharp-libvips-linuxmusl-x64
145 silly reify mark deleted [
145 silly reify   '/Users/oliverweekley/Desktop/ScoutsQuatermaster/scouts-quartermaster/node_modules/@img/sharp-libvips-linuxmusl-x64'
145 silly reify ]
146 verbose reify failed optional dependency /Users/oliverweekley/Desktop/ScoutsQuatermaster/scouts-quartermaster/node_modules/@img/sharp-libvips-linuxmusl-arm64
147 silly reify mark deleted [
147 silly reify   '/Users/oliverweekley/Desktop/ScoutsQuatermaster/scouts-quartermaster/node_modules/@img/sharp-libvips-linuxmusl-arm64'
147 silly reify ]
148 verbose reify failed optional dependency /Users/oliverweekley/Desktop/ScoutsQuatermaster/scouts-quartermaster/node_modules/@img/sharp-libvips-linux-x64
149 silly reify mark deleted [
149 silly reify   '/Users/oliverweekley/Desktop/ScoutsQuatermaster/scouts-quartermaster/node_modules/@img/sharp-libvips-linux-x64'
149 silly reify ]
150 verbose reify failed optional dependency /Users/oliverweekley/Desktop/ScoutsQuatermaster/scouts-quartermaster/node_modules/@img/sharp-libvips-linux-s390x
151 silly reify mark deleted [
151 silly reify   '/Users/oliverweekley/Desktop/ScoutsQuatermaster/scouts-quartermaster/node_modules/@img/sharp-libvips-linux-s390x'
151 silly reify ]
152 verbose reify failed optional dependency /Users/oliverweekley/Desktop/ScoutsQuatermaster/scouts-quartermaster/node_modules/@img/sharp-libvips-linux-riscv64
153 silly reify mark deleted [
153 silly reify   '/Users/oliverweekley/Desktop/ScoutsQuatermaster/scouts-quartermaster/node_modules/@img/sharp-libvips-linux-riscv64'
153 silly reify ]
154 verbose reify failed optional dependency /Users/oliverweekley/Desktop/ScoutsQuatermaster/scouts-quartermaster/node_modules/@img/sharp-libvips-linux-ppc64
155 silly reify mark deleted [
155 silly reify   '/Users/oliverweekley/Desktop/ScoutsQuatermaster/scouts-quartermaster/node_modules/@img/sharp-libvips-linux-ppc64'
155 silly reify ]
156 verbose reify failed optional dependency /Users/oliverweekley/Desktop/ScoutsQuatermaster/scouts-quartermaster/node_modules/@img/sharp-libvips-linux-arm64
157 silly reify mark deleted [
157 silly reify   '/Users/oliverweekley/Desktop/ScoutsQuatermaster/scouts-quartermaster/node_modules/@img/sharp-libvips-linux-arm64'
157 silly reify ]
158 verbose reify failed optional dependency /Users/oliverweekley/Desktop/ScoutsQuatermaster/scouts-quartermaster/node_modules/@img/sharp-libvips-linux-arm
159 silly reify mark deleted [
159 silly reify   '/Users/oliverweekley/Desktop/ScoutsQuatermaster/scouts-quartermaster/node_modules/@img/sharp-libvips-linux-arm'
159 silly reify ]
160 verbose reify failed optional dependency /Users/oliverweekley/Desktop/ScoutsQuatermaster/scouts-quartermaster/node_modules/@img/sharp-libvips-darwin-x64
161 silly reify mark deleted [
161 silly reify   '/Users/oliverweekley/Desktop/ScoutsQuatermaster/scouts-quartermaster/node_modules/@img/sharp-libvips-darwin-x64'
161 silly reify ]
162 verbose reify failed optional dependency /Users/oliverweekley/Desktop/ScoutsQuatermaster/scouts-quartermaster/node_modules/@img/sharp-darwin-x64
163 silly reify mark deleted [
163 silly reify   '/Users/oliverweekley/Desktop/ScoutsQuatermaster/scouts-quartermaster/node_modules/@img/sharp-darwin-x64'
163 silly reify ]
164 verbose reify failed optional dependency /Users/oliverweekley/Desktop/ScoutsQuatermaster/scouts-quartermaster/node_modules/@esbuild/win32-x64
165 silly reify mark deleted [
165 silly reify   '/Users/oliverweekley/Desktop/ScoutsQuatermaster/scouts-quartermaster/node_modules/@esbuild/win32-x64'
165 silly reify ]
166 verbose reify failed optional dependency /Users/oliverweekley/Desktop/ScoutsQuatermaster/scouts-quartermaster/node_modules/@esbuild/win32-ia32
167 silly reify mark deleted [
167 silly reify   '/Users/oliverweekley/Desktop/ScoutsQuatermaster/scouts-quartermaster/node_modules/@esbuild/win32-ia32'
167 silly reify ]
168 verbose reify failed optional dependency /Users/oliverweekley/Desktop/ScoutsQuatermaster/scouts-quartermaster/node_modules/@esbuild/win32-arm64
169 silly reify mark deleted [
169 silly reify   '/Users/oliverweekley/Desktop/ScoutsQuatermaster/scouts-quartermaster/node_modules/@esbuild/win32-arm64'
169 silly reify ]
170 verbose reify failed optional dependency /Users/oliverweekley/Desktop/ScoutsQuatermaster/scouts-quartermaster/node_modules/@esbuild/sunos-x64
171 silly reify mark deleted [
171 silly reify   '/Users/oliverweekley/Desktop/ScoutsQuatermaster/scouts-quartermaster/node_modules/@esbuild/sunos-x64'
171 silly reify ]
172 verbose reify failed optional dependency /Users/oliverweekley/Desktop/ScoutsQuatermaster/scouts-quartermaster/node_modules/@esbuild/openharmony-arm64
173 silly reify mark deleted [
173 silly reify   '/Users/oliverweekley/Desktop/ScoutsQuatermaster/scouts-quartermaster/node_modules/@esbuild/openharmony-arm64'
173 silly reify ]
174 verbose reify failed optional dependency /Users/oliverweekley/Desktop/ScoutsQuatermaster/scouts-quartermaster/node_modules/@esbuild/openbsd-x64
175 silly reify mark deleted [
175 silly reify   '/Users/oliverweekley/Desktop/ScoutsQuatermaster/scouts-quartermaster/node_modules/@esbuild/openbsd-x64'
175 silly reify ]
176 verbose reify failed optional dependency /Users/oliverweekley/Desktop/ScoutsQuatermaster/scouts-quartermaster/node_modules/@esbuild/openbsd-arm64
177 silly reify mark deleted [
177 silly reify   '/Users/oliverweekley/Desktop/ScoutsQuatermaster/scouts-quartermaster/node_modules/@esbuild/openbsd-arm64'
177 silly reify ]
178 verbose reify failed optional dependency /Users/oliverweekley/Desktop/ScoutsQuatermaster/scouts-quartermaster/node_modules/@esbuild/netbsd-x64
179 silly reify mark deleted [
179 silly reify   '/Users/oliverweekley/Desktop/ScoutsQuatermaster/scouts-quartermaster/node_modules/@esbuild/netbsd-x64'
179 silly reify ]
180 verbose reify failed optional dependency /Users/oliverweekley/Desktop/ScoutsQuatermaster/scouts-quartermaster/node_modules/@esbuild/netbsd-arm64
181 silly reify mark deleted [
181 silly reify   '/Users/oliverweekley/Desktop/ScoutsQuatermaster/scouts-quartermaster/node_modules/@esbuild/netbsd-arm64'
181 silly reify ]
182 verbose reify failed optional dependency /Users/oliverweekley/Desktop/ScoutsQuatermaster/scouts-quartermaster/node_modules/@esbuild/linux-x64
183 silly reify mark deleted [
183 silly reify   '/Users/oliverweekley/Desktop/ScoutsQuatermaster/scouts-quartermaster/node_modules/@esbuild/linux-x64'
183 silly reify ]
184 verbose reify failed optional dependency /Users/oliverweekley/Desktop/ScoutsQuatermaster/scouts-quartermaster/node_modules/@esbuild/linux-s390x
185 silly reify mark deleted [
185 silly reify   '/Users/oliverweekley/Desktop/ScoutsQuatermaster/scouts-quartermaster/node_modules/@esbuild/linux-s390x'
185 silly reify ]
186 verbose reify failed optional dependency /Users/oliverweekley/Desktop/ScoutsQuatermaster/scouts-quartermaster/node_modules/@esbuild/linux-riscv64
187 silly reify mark deleted [
187 silly reify   '/Users/oliverweekley/Desktop/ScoutsQuatermaster/scouts-quartermaster/node_modules/@esbuild/linux-riscv64'
187 silly reify ]
188 verbose reify failed optional dependency /Users/oliverweekley/Desktop/ScoutsQuatermaster/scouts-quartermaster/node_modules/@esbuild/linux-ppc64
189 silly reify mark deleted [
189 silly reify   '/Users/oliverweekley/Desktop/ScoutsQuatermaster/scouts-quartermaster/node_modules/@esbuild/linux-ppc64'
189 silly reify ]
190 verbose reify failed optional dependency /Users/oliverweekley/Desktop/ScoutsQuatermaster/scouts-quartermaster/node_modules/@esbuild/linux-mips64el
191 silly reify mark deleted [
191 silly reify   '/Users/oliverweekley/Desktop/ScoutsQuatermaster/scouts-quartermaster/node_modules/@esbuild/linux-mips64el'
191 silly reify ]
192 verbose reify failed optional dependency /Users/oliverweekley/Desktop/ScoutsQuatermaster/scouts-quartermaster/node_modules/@esbuild/linux-loong64
193 silly reify mark deleted [
193 silly reify   '/Users/oliverweekley/Desktop/ScoutsQuatermaster/scouts-quartermaster/node_modules/@esbuild/linux-loong64'
193 silly reify ]
194 verbose reify failed optional dependency /Users/oliverweekley/Desktop/ScoutsQuatermaster/scouts-quartermaster/node_modules/@esbuild/linux-ia32
195 silly reify mark deleted [
195 silly reify   '/Users/oliverweekley/Desktop/ScoutsQuatermaster/scouts-quartermaster/node_modules/@esbuild/linux-ia32'
195 silly reify ]
196 verbose reify failed optional dependency /Users/oliverweekley/Desktop/ScoutsQuatermaster/scouts-quartermaster/node_modules/@esbuild/linux-arm64
197 silly reify mark deleted [
197 silly reify   '/Users/oliverweekley/Desktop/ScoutsQuatermaster/scouts-quartermaster/node_modules/@esbuild/linux-arm64'
197 silly reify ]
198 verbose reify failed optional dependency /Users/oliverweekley/Desktop/ScoutsQuatermaster/scouts-quartermaster/node_modules/@esbuild/linux-arm
199 silly reify mark deleted [
199 silly reify   '/Users/oliverweekley/Desktop/ScoutsQuatermaster/scouts-quartermaster/node_modules/@esbuild/linux-arm'
199 silly reify ]
200 verbose reify failed optional dependency /Users/oliverweekley/Desktop/ScoutsQuatermaster/scouts-quartermaster/node_modules/@esbuild/freebsd-x64
201 silly reify mark deleted [
201 silly reify   '/Users/oliverweekley/Desktop/ScoutsQuatermaster/scouts-quartermaster/node_modules/@esbuild/freebsd-x64'
201 silly reify ]
202 verbose reify failed optional dependency /Users/oliverweekley/Desktop/ScoutsQuatermaster/scouts-quartermaster/node_modules/@esbuild/freebsd-arm64
203 silly reify mark deleted [
203 silly reify   '/Users/oliverweekley/Desktop/ScoutsQuatermaster/scouts-quartermaster/node_modules/@esbuild/freebsd-arm64'
203 silly reify ]
204 verbose reify failed optional dependency /Users/oliverweekley/Desktop/ScoutsQuatermaster/scouts-quartermaster/node_modules/@esbuild/darwin-x64
205 silly reify mark deleted [
205 silly reify   '/Users/oliverweekley/Desktop/ScoutsQuatermaster/scouts-quartermaster/node_modules/@esbuild/darwin-x64'
205 silly reify ]
206 verbose reify failed optional dependency /Users/oliverweekley/Desktop/ScoutsQuatermaster/scouts-quartermaster/node_modules/@esbuild/android-x64
207 silly reify mark deleted [
207 silly reify   '/Users/oliverweekley/Desktop/ScoutsQuatermaster/scouts-quartermaster/node_modules/@esbuild/android-x64'
207 silly reify ]
208 verbose reify failed optional dependency /Users/oliverweekley/Desktop/ScoutsQuatermaster/scouts-quartermaster/node_modules/@esbuild/android-arm64
209 silly reify mark deleted [
209 silly reify   '/Users/oliverweekley/Desktop/ScoutsQuatermaster/scouts-quartermaster/node_modules/@esbuild/android-arm64'
209 silly reify ]
210 verbose reify failed optional dependency /Users/oliverweekley/Desktop/ScoutsQuatermaster/scouts-quartermaster/node_modules/@esbuild/android-arm
211 silly reify mark deleted [
211 silly reify   '/Users/oliverweekley/Desktop/ScoutsQuatermaster/scouts-quartermaster/node_modules/@esbuild/android-arm'
211 silly reify ]
212 verbose reify failed optional dependency /Users/oliverweekley/Desktop/ScoutsQuatermaster/scouts-quartermaster/node_modules/@esbuild/aix-ppc64
213 silly reify mark deleted [
213 silly reify   '/Users/oliverweekley/Desktop/ScoutsQuatermaster/scouts-quartermaster/node_modules/@esbuild/aix-ppc64'
213 silly reify ]
214 http cache nodemailer@https://registry.npmjs.org/nodemailer/-/nodemailer-8.0.4.tgz 1ms (cache hit)
215 http cache @types/nodemailer@https://registry.npmjs.org/@types/nodemailer/-/nodemailer-7.0.11.tgz 0ms (cache hit)
216 silly tarball no local data for nodemailer@https://registry.npmjs.org/nodemailer/-/nodemailer-8.0.4.tgz. Extracting by manifest.
217 silly tarball no local data for @types/nodemailer@https://registry.npmjs.org/@types/nodemailer/-/nodemailer-7.0.11.tgz. Extracting by manifest.
218 http fetch GET 200 https://registry.npmjs.org/nodemailer/-/nodemailer-8.0.4.tgz 93ms (cache miss)
219 http fetch GET 200 https://registry.npmjs.org/@types/nodemailer/-/nodemailer-7.0.11.tgz 146ms (cache miss)
220 http fetch POST 200 https://registry.npmjs.org/-/npm/v1/security/advisories/bulk 327ms
221 silly audit report {
221 silly audit report   effect: [
221 silly audit report     {
221 silly audit report       id: 1115356,
221 silly audit report       url: 'https://github.com/advisories/GHSA-38f7-945m-qr2g',
221 silly audit report       title: 'Effect `AsyncLocalStorage` context lost/contaminated inside Effect fibers under concurrent load with RPC',
221 silly audit report       severity: 'high',
221 silly audit report       vulnerable_versions: '<3.20.0',
221 silly audit report       cwe: [Array],
221 silly audit report       cvss: [Object]
221 silly audit report     }
221 silly audit report   ]
221 silly audit report }
222 silly packumentCache corgi:https://registry.npmjs.org/effect cache-miss
223 http fetch GET 200 https://registry.npmjs.org/effect 125ms (cache miss)
224 silly packumentCache corgi:https://registry.npmjs.org/effect set size:undefined disposed:false
225 silly packumentCache corgi:https://registry.npmjs.org/@prisma%2fconfig cache-miss
226 http fetch GET 200 https://registry.npmjs.org/@prisma%2fconfig 107ms (cache miss)
227 silly packumentCache corgi:https://registry.npmjs.org/@prisma%2fconfig set size:undefined disposed:false
228 silly packumentCache corgi:https://registry.npmjs.org/prisma cache-miss
229 http fetch GET 200 https://registry.npmjs.org/prisma 405ms (cache miss)
230 silly packumentCache corgi:https://registry.npmjs.org/prisma set size:undefined disposed:false
231 silly packumentCache corgi:https://registry.npmjs.org/@prisma%2fclient cache-miss
232 http fetch GET 200 https://registry.npmjs.org/@prisma%2fclient 859ms (cache miss)
233 silly packumentCache corgi:https://registry.npmjs.org/@prisma%2fclient set size:undefined disposed:false
234 silly ADD node_modules/nodemailer
235 silly ADD node_modules/@types/nodemailer
236 silly ADD
237 silly ADD
238 silly ADD
239 silly ADD
240 silly ADD
241 silly ADD
242 silly ADD
243 silly ADD
244 silly ADD
245 silly ADD
246 silly ADD
247 silly ADD
248 silly ADD
249 silly ADD
250 silly ADD
251 silly ADD
252 silly ADD
253 silly ADD
254 silly ADD
255 silly ADD
256 silly ADD
257 silly ADD
258 silly ADD
259 silly ADD
260 silly ADD
261 silly ADD
262 silly ADD
263 silly ADD
264 silly ADD
265 silly ADD
266 silly ADD
267 silly ADD
268 silly ADD
269 silly ADD
270 silly ADD
271 silly ADD
272 silly ADD
273 silly ADD
274 silly ADD
275 silly ADD
276 silly ADD
277 silly ADD
278 silly ADD
279 silly ADD
280 silly ADD
281 silly ADD
282 silly ADD
283 silly ADD
284 silly ADD
285 silly ADD
286 silly ADD
287 silly ADD
288 silly ADD
289 silly ADD
290 silly ADD
291 silly ADD
292 silly ADD
293 silly ADD
294 silly ADD
295 silly ADD
296 silly ADD
297 silly ADD
298 silly ADD
299 silly ADD
300 silly ADD
301 silly ADD
302 silly ADD
303 silly ADD
304 silly ADD
305 silly ADD
306 silly ADD
307 silly ADD
308 silly ADD
309 silly ADD
310 silly ADD
311 silly ADD
312 silly ADD
313 silly ADD
314 silly ADD
315 silly ADD
316 silly ADD
317 silly ADD
318 silly ADD
319 silly ADD
320 silly ADD
321 silly ADD
322 silly ADD
323 silly ADD
324 silly ADD
325 silly ADD
326 silly ADD
327 silly ADD
328 silly ADD
329 verbose cwd /Users/oliverweekley/Desktop/ScoutsQuatermaster/scouts-quartermaster
330 verbose os Darwin 25.4.0
331 verbose node v22.21.0
332 verbose npm  v10.9.4
333 notice
333 notice New major version of npm available! 10.9.4 -> 11.12.1
333 notice Changelog: https://github.com/npm/cli/releases/tag/v11.12.1
333 notice To update run: npm install -g npm@11.12.1
333 notice  { force: true, [Symbol(proc-log.meta)]: true }
334 verbose exit 0
335 info ok
